<?xml version="1.0" encoding="UTF-8"?>
<testsuite name="com.revature.service.ClientServiceTest" tests="18" skipped="0" failures="0" errors="0" timestamp="2022-03-16T05:33:36" hostname="DESKTOP-RVLR18L" time="0.334">
  <properties/>
  <testcase name="testUpdateClient_NoLettersCharactersOnFirst_And_Lastname()" classname="com.revature.service.ClientServiceTest" time="0.315"/>
  <testcase name="testAddClient_NoLettersCharactersOnFirst_And_Lastname()" classname="com.revature.service.ClientServiceTest" time="0.0"/>
  <testcase name="testGetStudentById_incorrectId()" classname="com.revature.service.ClientServiceTest" time="0.0"/>
  <testcase name="testAddClient_NoNumbersOn_Phone_number()" classname="com.revature.service.ClientServiceTest" time="0.0"/>
  <testcase name="testAddClient_Trim_positive()" classname="com.revature.service.ClientServiceTest" time="0.004"/>
  <testcase name="testDeleteClientById_invalidId()" classname="com.revature.service.ClientServiceTest" time="0.001"/>
  <testcase name="testGetAllClients()" classname="com.revature.service.ClientServiceTest" time="0.001"/>
  <testcase name="testUpdateClient_Trim_positive()" classname="com.revature.service.ClientServiceTest" time="0.001"/>
  <testcase name="testUpdateClient_positive()" classname="com.revature.service.ClientServiceTest" time="0.0"/>
  <testcase name="testUpdateClient_AgeLowerThan_zero()" classname="com.revature.service.ClientServiceTest" time="0.0"/>
  <testcase name="testGetStudentById()" classname="com.revature.service.ClientServiceTest" time="0.0"/>
  <testcase name="testGetStudentById_SQLException()" classname="com.revature.service.ClientServiceTest" time="0.002"/>
  <testcase name="testUpdateClient_NoNumbersOn_Phone_number()" classname="com.revature.service.ClientServiceTest" time="0.001"/>
  <testcase name="testAddClient_positive()" classname="com.revature.service.ClientServiceTest" time="0.0"/>
  <testcase name="testGetStudentById_notExistentId()" classname="com.revature.service.ClientServiceTest" time="0.0"/>
  <testcase name="testAddClient_AgeLowerThan_zero()" classname="com.revature.service.ClientServiceTest" time="0.0"/>
  <testcase name="testDeleteClientById_positive()" classname="com.revature.service.ClientServiceTest" time="0.0"/>
  <testcase name="testDeleteClientById_NonExistentId()" classname="com.revature.service.ClientServiceTest" time="0.0"/>
  <system-out><![CDATA[15 03 2022 - 22:33:36.375 [Test worker] INFO  com.revature.service.ClientService - Service layer - add the clientClient{id=1, firstName='Name147', lastName='hello547', age=55, phoneNumber='4781561235'}
15 03 2022 - 22:33:36.377 [Test worker] WARN  com.revature.service.ClientService - Service layer - the client to have a firstname or lastname with no alphabet letters. Firstname: Name147 Lastname: hello547
15 03 2022 - 22:33:36.382 [Test worker] INFO  com.revature.service.ClientService - Service layer - add the clientClient{id=0, firstName='Name147', lastName='hello547', age=55, phoneNumber='4781561235'}
15 03 2022 - 22:33:36.382 [Test worker] WARN  com.revature.service.ClientService - Service layer - the client to have a firstname or lastname with no alphabet letters. Firstname: Name147 Lastname: hello547
15 03 2022 - 22:33:36.383 [Test worker] INFO  com.revature.service.ClientService - Service layer to get the client with id: aaa
15 03 2022 - 22:33:36.383 [Test worker] WARN  com.revature.service.ClientService - Service layer - the client id: aaa is invalid
15 03 2022 - 22:33:36.384 [Test worker] INFO  com.revature.service.ClientService - Service layer - add the clientClient{id=0, firstName='name', lastName='hello', age=55, phoneNumber='abc147584'}
15 03 2022 - 22:33:36.384 [Test worker] WARN  com.revature.service.ClientService - Service layer - The phone number provided have values different than numbers. Phone number: abc147584
15 03 2022 - 22:33:36.385 [Test worker] INFO  com.revature.service.ClientService - Service layer - add the clientClient{id=0, firstName='  test  ', lastName='  client  ', age=44, phoneNumber='  1478523699  '}
15 03 2022 - 22:33:36.388 [Test worker] INFO  com.revature.service.ClientService - Service layer - delete the client with id: aaa
15 03 2022 - 22:33:36.389 [Test worker] WARN  com.revature.service.ClientService - Service layer - the client id: aaa is invalid
15 03 2022 - 22:33:36.390 [Test worker] INFO  com.revature.service.ClientService - Service layer - get all the clients
15 03 2022 - 22:33:36.390 [Test worker] INFO  com.revature.service.ClientService - Service layer to update the client with id: 1
15 03 2022 - 22:33:36.391 [Test worker] INFO  com.revature.service.ClientService - Service layer - Successful return of the client with id: 1
15 03 2022 - 22:33:36.391 [Test worker] INFO  com.revature.service.ClientService - Service layer to update the client with id: 1
15 03 2022 - 22:33:36.391 [Test worker] INFO  com.revature.service.ClientService - Service layer - Successful return of the client with id: 1
15 03 2022 - 22:33:36.392 [Test worker] INFO  com.revature.service.ClientService - Service layer - add the clientClient{id=1, firstName='Name', lastName='hello', age=55, phoneNumber='abc324234'}
15 03 2022 - 22:33:36.392 [Test worker] WARN  com.revature.service.ClientService - Service layer - The phone number provided have values different than numbers. Phone number: abc324234
15 03 2022 - 22:33:36.393 [Test worker] INFO  com.revature.service.ClientService - Service layer to get the client with id: 1
15 03 2022 - 22:33:36.393 [Test worker] INFO  com.revature.service.ClientService - Service layer - Successful return of the client with id: 1
15 03 2022 - 22:33:36.395 [Test worker] INFO  com.revature.service.ClientService - Service layer to get the client with id: 10
15 03 2022 - 22:33:36.396 [Test worker] INFO  com.revature.service.ClientService - Service layer - add the clientClient{id=1, firstName='Name', lastName='hello', age=55, phoneNumber='abc324234'}
15 03 2022 - 22:33:36.396 [Test worker] WARN  com.revature.service.ClientService - Service layer - The phone number provided have values different than numbers. Phone number: abc324234
15 03 2022 - 22:33:36.396 [Test worker] INFO  com.revature.service.ClientService - Service layer - add the clientClient{id=0, firstName='test', lastName='client', age=44, phoneNumber='1478523699'}
15 03 2022 - 22:33:36.397 [Test worker] INFO  com.revature.service.ClientService - Service layer to get the client with id: 100
15 03 2022 - 22:33:36.398 [Test worker] WARN  com.revature.service.ClientService - Service layer - the client with id: 100 doesn't exist
15 03 2022 - 22:33:36.398 [Test worker] INFO  com.revature.service.ClientService - Service layer - add the clientClient{id=0, firstName='name', lastName='hello', age=-2, phoneNumber='1234567897'}
15 03 2022 - 22:33:36.399 [Test worker] INFO  com.revature.service.ClientService - Service layer - delete the client with id: 1
15 03 2022 - 22:33:36.400 [Test worker] INFO  com.revature.service.ClientService - Service layer - Successful delete of the client with id: 1
15 03 2022 - 22:33:36.400 [Test worker] INFO  com.revature.service.ClientService - Service layer - delete the client with id: 100
15 03 2022 - 22:33:36.401 [Test worker] WARN  com.revature.service.ClientService - Service layer - the client with id: 100 doesn't exist
]]></system-out>
  <system-err><![CDATA[]]></system-err>
</testsuite>
